<?xml version="1.0" encoding="UTF-8" ?>
<testsuite tests="10" failures="0" name="cl.multicaja.cuentatraspaso.test.db.TestSuite" time="0.094" errors="0" skipped="0">
  <properties>
    <property name="java.runtime.name" value="OpenJDK Runtime Environment"/>
    <property name="sun.boot.library.path" value="/usr/lib/jvm/java-8-openjdk-amd64/jre/lib/amd64"/>
    <property name="java.vm.version" value="25.162-b12"/>
    <property name="java.vm.vendor" value="Oracle Corporation"/>
    <property name="maven.multiModuleProjectDirectory" value="/home/admin/workspace/cuenta-de-traspaso/pg"/>
    <property name="java.vendor.url" value="http://java.oracle.com/"/>
    <property name="path.separator" value=":"/>
    <property name="guice.disable.misplaced.annotation.check" value="true"/>
    <property name="java.vm.name" value="OpenJDK 64-Bit Server VM"/>
    <property name="file.encoding.pkg" value="sun.io"/>
    <property name="env" value="development"/>
    <property name="user.country" value="US"/>
    <property name="sun.java.launcher" value="SUN_STANDARD"/>
    <property name="sun.os.patch.level" value="unknown"/>
    <property name="java.vm.specification.name" value="Java Virtual Machine Specification"/>
    <property name="user.dir" value="/home/admin/workspace/cuenta-de-traspaso/pg"/>
    <property name="java.runtime.version" value="1.8.0_162-8u162-b12-0ubuntu0.16.04.2-b12"/>
    <property name="java.awt.graphicsenv" value="sun.awt.X11GraphicsEnvironment"/>
    <property name="java.endorsed.dirs" value="/usr/lib/jvm/java-8-openjdk-amd64/jre/lib/endorsed"/>
    <property name="os.arch" value="amd64"/>
    <property name="java.io.tmpdir" value="/tmp"/>
    <property name="line.separator" value="
"/>
    <property name="java.vm.specification.vendor" value="Oracle Corporation"/>
    <property name="os.name" value="Linux"/>
    <property name="classworlds.conf" value="/home/admin/dev/apache-maven-3.5.3/bin/m2.conf"/>
    <property name="sun.jnu.encoding" value="UTF-8"/>
    <property name="java.library.path" value="/usr/java/packages/lib/amd64:/usr/lib/x86_64-linux-gnu/jni:/lib/x86_64-linux-gnu:/usr/lib/x86_64-linux-gnu:/usr/lib/jni:/lib:/usr/lib"/>
    <property name="maven.conf" value="/home/admin/dev/apache-maven-3.5.3/conf"/>
    <property name="java.specification.name" value="Java Platform API Specification"/>
    <property name="java.class.version" value="52.0"/>
    <property name="sun.management.compiler" value="HotSpot 64-Bit Tiered Compilers"/>
    <property name="skipTests" value="false"/>
    <property name="os.version" value="4.13.0-39-generic"/>
    <property name="library.jansi.path" value="/home/admin/dev/apache-maven-3.5.3/lib/jansi-native"/>
    <property name="user.home" value="/home/admin"/>
    <property name="user.timezone" value="America/Santiago"/>
    <property name="java.awt.printerjob" value="sun.print.PSPrinterJob"/>
    <property name="java.specification.version" value="1.8"/>
    <property name="file.encoding" value="UTF-8"/>
    <property name="user.name" value="admin"/>
    <property name="java.class.path" value="/home/admin/dev/apache-maven-3.5.3/boot/plexus-classworlds-2.5.2.jar"/>
    <property name="java.vm.specification.version" value="1.8"/>
    <property name="sun.arch.data.model" value="64"/>
    <property name="java.home" value="/usr/lib/jvm/java-8-openjdk-amd64/jre"/>
    <property name="sun.java.command" value="org.codehaus.plexus.classworlds.launcher.Launcher clean compile test -DskipTests=false -Denv=development"/>
    <property name="java.specification.vendor" value="Oracle Corporation"/>
    <property name="user.language" value="en"/>
    <property name="awt.toolkit" value="sun.awt.X11.XToolkit"/>
    <property name="java.vm.info" value="mixed mode"/>
    <property name="java.version" value="1.8.0_162"/>
    <property name="java.ext.dirs" value="/usr/lib/jvm/java-8-openjdk-amd64/jre/lib/ext:/usr/java/packages/lib/ext"/>
    <property name="securerandom.source" value="file:/dev/./urandom"/>
    <property name="sun.boot.class.path" value="/usr/lib/jvm/java-8-openjdk-amd64/jre/lib/resources.jar:/usr/lib/jvm/java-8-openjdk-amd64/jre/lib/rt.jar:/usr/lib/jvm/java-8-openjdk-amd64/jre/lib/sunrsasign.jar:/usr/lib/jvm/java-8-openjdk-amd64/jre/lib/jsse.jar:/usr/lib/jvm/java-8-openjdk-amd64/jre/lib/jce.jar:/usr/lib/jvm/java-8-openjdk-amd64/jre/lib/charsets.jar:/usr/lib/jvm/java-8-openjdk-amd64/jre/lib/jfr.jar:/usr/lib/jvm/java-8-openjdk-amd64/jre/classes"/>
    <property name="java.vendor" value="Oracle Corporation"/>
    <property name="maven.home" value="/home/admin/dev/apache-maven-3.5.3"/>
    <property name="file.separator" value="/"/>
    <property name="java.vendor.url.bug" value="http://bugreport.sun.com/bugreport/"/>
    <property name="sun.cpu.endian" value="little"/>
    <property name="sun.io.unicode.encoding" value="UnicodeLittle"/>
    <property name="sun.desktop" value="gnome"/>
    <property name="sun.cpu.isalist" value=""/>
  </properties>
  <testcase classname="cl.multicaja.cuentatraspaso.test.db.Test_20180402193618_create_changelog" name="checkTableChangelog" time="0.032"/>
  <testcase classname="cl.multicaja.cuentatraspaso.test.db.Test_20180427091825_create_table_cdt_cuenta" name="CheckTableCuenta" time="0.009"/>
  <testcase classname="cl.multicaja.cuentatraspaso.test.db.Test_20180427092522_create_table_cdt_bolsa" name="CheckTableBolsa" time="0.008"/>
  <testcase classname="cl.multicaja.cuentatraspaso.test.db.Test_20180427092533_create_table_cdt_cuenta_acumulador" name="CheckTableCuentaAcumulador" time="0.006"/>
  <testcase classname="cl.multicaja.cuentatraspaso.test.db.Test_20180427092543_create_table_cdt_limite" name="CheckTableLimite" time="0.007"/>
  <testcase classname="cl.multicaja.cuentatraspaso.test.db.Test_20180427092549_create_table_cdt_movimiento" name="CheckTableMovimiento" time="0.005"/>
  <testcase classname="cl.multicaja.cuentatraspaso.test.db.Test_20180427092558_create_table_cdt_tipo_movimiento" name="CheckTableTipoMovimiento" time="0.006"/>
  <testcase classname="cl.multicaja.cuentatraspaso.test.db.Test_20180427092612_create_table_cdt_movimiento_cuenta" name="CheckTableMovimientoCuenta" time="0.006"/>
  <testcase classname="cl.multicaja.cuentatraspaso.test.db.Test_20180427092630_create_table_cdt_reglas_acumulacion" name="CheckTableReglaAcumulacion" time="0.008"/>
  <testcase classname="cl.multicaja.cuentatraspaso.test.db.Test_20180427093010_create_table_cdt_movimiento_tipo_mov" name="CheckTableMovimientoTipoMov" time="0.007"/>
</testsuite>